Using pre-set license
Built from '2020.3/release' branch; Version is '2020.3.1f1 (77a89f25062f) revision 7841951'; Using compiler version '192528614'; Build Type 'Release'
OS: 'Windows 10 Home; OS build 19043.1466; Version 2009; 64bit' Language: 'en' Physical Memory: 7549 MB
BatchMode: 1, IsHumanControllingUs: 0, StartBugReporterOnCrash: 0, Is64bit: 1, IsPro: 0

 COMMAND LINE ARGUMENTS:
C:\Program Files\Unity\Hub\Editor\2020.3.1f1\Editor\Unity.exe
-adb2
-batchMode
-noUpm
-name
AssetImportWorker0
-projectPath
C:/Users/ranja/Desktop/Games/Simple2DGame
-logFile
Logs/AssetImportWorker0.log
-srvPort
63028
Successfully changed project path to: C:/Users/ranja/Desktop/Games/Simple2DGame
C:/Users/ranja/Desktop/Games/Simple2DGame
Using Asset Import Pipeline V2.
Refreshing native plugins compatible for Editor in 73.27 ms, found 1 plugins.
Preloading 0 native plugins for Editor in 0.00 ms.
Initialize engine version: 2020.3.1f1 (77a89f25062f)
[Subsystems] Discovering subsystems at path C:/Program Files/Unity/Hub/Editor/2020.3.1f1/Editor/Data/Resources/UnitySubsystems
[Subsystems] Discovering subsystems at path C:/Users/ranja/Desktop/Games/Simple2DGame/Assets
GfxDevice: creating device client; threaded=0
Direct3D:
    Version:  Direct3D 11.0 [level 11.1]
    Renderer: AMD Radeon(TM) Graphics (ID=0x1636)
    Vendor:   
    VRAM:     3774 MB
    Driver:   27.20.11044.4003
Initialize mono
Mono path[0] = 'C:/Program Files/Unity/Hub/Editor/2020.3.1f1/Editor/Data/Managed'
Mono path[1] = 'C:/Program Files/Unity/Hub/Editor/2020.3.1f1/Editor/Data/MonoBleedingEdge/lib/mono/unityjit'
Mono config path = 'C:/Program Files/Unity/Hub/Editor/2020.3.1f1/Editor/Data/MonoBleedingEdge/etc'
Using monoOptions --debugger-agent=transport=dt_socket,embedding=1,server=y,suspend=n,address=127.0.0.1:56352
Begin MonoManager ReloadAssembly
Registering precompiled unity dll's ...
Register platform support module: C:/Program Files/Unity/Hub/Editor/2020.3.1f1/Editor/Data/PlaybackEngines/WebGLSupport/UnityEditor.WebGL.Extensions.dll
Register platform support module: C:/Program Files/Unity/Hub/Editor/2020.3.1f1/Editor/Data/PlaybackEngines/WindowsStandaloneSupport/UnityEditor.WindowsStandalone.Extensions.dll
Registered in 0.003436 seconds.
Native extension for WindowsStandalone target not found
Native extension for WebGL target not found
Refreshing native plugins compatible for Editor in 77.79 ms, found 1 plugins.
Preloading 0 native plugins for Editor in 0.00 ms.
Invoked RoslynAnalysisRunner static constructor.
RoslynAnalysisRunner will not be running.
RoslynAnalysisRunner has terminated.
Mono: successfully reloaded assembly
- Completed reload, in  2.592 seconds
Platform modules already initialized, skipping
Registering precompiled user dll's ...
Registered in 0.002351 seconds.
Begin MonoManager ReloadAssembly
Native extension for WindowsStandalone target not found
Native extension for WebGL target not found
Refreshing native plugins compatible for Editor in 109.71 ms, found 1 plugins.
Preloading 0 native plugins for Editor in 0.00 ms.
Invoked RoslynAnalysisRunner static constructor.
RoslynAnalysisRunner will not be running.
RoslynAnalysisRunner has terminated.
Mono: successfully reloaded assembly
- Completed reload, in  1.768 seconds
Platform modules already initialized, skipping
========================================================================
Worker process is ready to serve import requests
Launched and connected shader compiler UnityShaderCompiler.exe after 0.11 seconds
Refreshing native plugins compatible for Editor in 0.88 ms, found 1 plugins.
Preloading 0 native plugins for Editor in 0.00 ms.
Unloading 2257 Unused Serialized files (Serialized files now loaded: 0)
System memory in use before: 100.6 MB.
System memory in use after: 100.6 MB.

Unloading 27 unused Assets to reduce memory usage. Loaded Objects now: 2703.
Total: 3.684800 ms (FindLiveObjects: 0.485400 ms CreateObjectMapping: 0.121600 ms MarkObjects: 2.888400 ms  DeleteObjects: 0.186700 ms)

========================================================================
Received Import Request.
  path: Assets/Animation/Enemy_Sword/ES_Attack.anim
  artifactKey: Guid(5ce964439a44e094bb56f7a7724bc5da) Importer(815301076,1909f56bfc062723c751e8b465ee728b)
Start importing Assets/Animation/Enemy_Sword/ES_Attack.anim using Guid(5ce964439a44e094bb56f7a7724bc5da) Importer(815301076,1909f56bfc062723c751e8b465ee728b)  -> (artifact id: 'c65e5f01fc78ec2a5142b8fd9eb7e5fc') in 0.131321 seconds
  Import took 0.138807 seconds .

========================================================================
Received Import Request.
  Time since last request: 547.742127 seconds.
  path: Assets/Animation/Enemy_Sword
  artifactKey: Guid(926746fc4599c5d4ab1969b4af413b84) Importer(815301076,1909f56bfc062723c751e8b465ee728b)
Start importing Assets/Animation/Enemy_Sword using Guid(926746fc4599c5d4ab1969b4af413b84) Importer(815301076,1909f56bfc062723c751e8b465ee728b)  -> (artifact id: '392fbfb0d2b36200a33360e60809d257') in 0.056169 seconds
  Import took 0.068053 seconds .

========================================================================
Received Import Request.
  Time since last request: 1540.947303 seconds.
  path: Assets/Animation/Enemy_Sword/ES_Death.anim
  artifactKey: Guid(e26b47ea5dc3e2648a36984bfd67574a) Importer(815301076,1909f56bfc062723c751e8b465ee728b)
Start importing Assets/Animation/Enemy_Sword/ES_Death.anim using Guid(e26b47ea5dc3e2648a36984bfd67574a) Importer(815301076,1909f56bfc062723c751e8b465ee728b)  -> (artifact id: 'b1b07b0e55d0fb5c2800b7470378ae59') in 0.018589 seconds
  Import took 0.065253 seconds .

========================================================================
Received Prepare
Registering precompiled user dll's ...
Registered in 0.002217 seconds.
Begin MonoManager ReloadAssembly
Native extension for WindowsStandalone target not found
Native extension for WebGL target not found
Refreshing native plugins compatible for Editor in 0.65 ms, found 1 plugins.
Preloading 0 native plugins for Editor in 0.00 ms.
Invoked RoslynAnalysisRunner static constructor.
RoslynAnalysisRunner will not be running.
RoslynAnalysisRunner has terminated.
Mono: successfully reloaded assembly
- Completed reload, in  1.658 seconds
Platform modules already initialized, skipping
Refreshing native plugins compatible for Editor in 0.91 ms, found 1 plugins.
Preloading 0 native plugins for Editor in 0.00 ms.
Unloading 2250 Unused Serialized files (Serialized files now loaded: 0)
System memory in use before: 100.5 MB.
System memory in use after: 100.5 MB.

Unloading 13 unused Assets to reduce memory usage. Loaded Objects now: 2707.
Total: 5.916800 ms (FindLiveObjects: 0.757300 ms CreateObjectMapping: 0.259000 ms MarkObjects: 4.671900 ms  DeleteObjects: 0.225900 ms)

========================================================================
Received Prepare
Registering precompiled user dll's ...
Registered in 0.003116 seconds.
Begin MonoManager ReloadAssembly
Native extension for WindowsStandalone target not found
Native extension for WebGL target not found
Refreshing native plugins compatible for Editor in 0.65 ms, found 1 plugins.
Preloading 0 native plugins for Editor in 0.00 ms.
Invoked RoslynAnalysisRunner static constructor.
RoslynAnalysisRunner will not be running.
RoslynAnalysisRunner has terminated.
Mono: successfully reloaded assembly
- Completed reload, in  1.557 seconds
Platform modules already initialized, skipping
Refreshing native plugins compatible for Editor in 0.64 ms, found 1 plugins.
Preloading 0 native plugins for Editor in 0.00 ms.
Unloading 2250 Unused Serialized files (Serialized files now loaded: 0)
System memory in use before: 100.6 MB.
System memory in use after: 100.6 MB.

Unloading 13 unused Assets to reduce memory usage. Loaded Objects now: 2711.
Total: 5.492900 ms (FindLiveObjects: 0.765400 ms CreateObjectMapping: 0.166300 ms MarkObjects: 4.213300 ms  DeleteObjects: 0.344800 ms)

========================================================================
Received Prepare
Registering precompiled user dll's ...
Registered in 0.001470 seconds.
Begin MonoManager ReloadAssembly
Native extension for WindowsStandalone target not found
Native extension for WebGL target not found
Refreshing native plugins compatible for Editor in 1.06 ms, found 1 plugins.
Preloading 0 native plugins for Editor in 0.00 ms.
Invoked RoslynAnalysisRunner static constructor.
RoslynAnalysisRunner will not be running.
RoslynAnalysisRunner has terminated.
Mono: successfully reloaded assembly
- Completed reload, in  1.534 seconds
Platform modules already initialized, skipping
Refreshing native plugins compatible for Editor in 0.89 ms, found 1 plugins.
Preloading 0 native plugins for Editor in 0.00 ms.
Unloading 2250 Unused Serialized files (Serialized files now loaded: 0)
System memory in use before: 100.6 MB.
System memory in use after: 100.6 MB.

Unloading 13 unused Assets to reduce memory usage. Loaded Objects now: 2715.
Total: 5.157000 ms (FindLiveObjects: 0.450000 ms CreateObjectMapping: 0.144700 ms MarkObjects: 4.327600 ms  DeleteObjects: 0.232300 ms)

========================================================================
Received Prepare
Registering precompiled user dll's ...
Registered in 0.002150 seconds.
Begin MonoManager ReloadAssembly
Native extension for WindowsStandalone target not found
Native extension for WebGL target not found
Refreshing native plugins compatible for Editor in 0.92 ms, found 1 plugins.
Preloading 0 native plugins for Editor in 0.00 ms.
Invoked RoslynAnalysisRunner static constructor.
RoslynAnalysisRunner will not be running.
RoslynAnalysisRunner has terminated.
Mono: successfully reloaded assembly
- Completed reload, in  1.782 seconds
Platform modules already initialized, skipping
Refreshing native plugins compatible for Editor in 0.65 ms, found 1 plugins.
Preloading 0 native plugins for Editor in 0.00 ms.
Unloading 2250 Unused Serialized files (Serialized files now loaded: 0)
System memory in use before: 100.7 MB.
System memory in use after: 100.7 MB.

Unloading 13 unused Assets to reduce memory usage. Loaded Objects now: 2719.
Total: 3.964400 ms (FindLiveObjects: 0.484900 ms CreateObjectMapping: 0.153000 ms MarkObjects: 3.155800 ms  DeleteObjects: 0.168700 ms)

========================================================================
Received Prepare
Registering precompiled user dll's ...
Registered in 0.001543 seconds.
Begin MonoManager ReloadAssembly
Native extension for WindowsStandalone target not found
Native extension for WebGL target not found
Refreshing native plugins compatible for Editor in 0.65 ms, found 1 plugins.
Preloading 0 native plugins for Editor in 0.00 ms.
Invoked RoslynAnalysisRunner static constructor.
RoslynAnalysisRunner will not be running.
RoslynAnalysisRunner has terminated.
Mono: successfully reloaded assembly
- Completed reload, in  1.654 seconds
Platform modules already initialized, skipping
Refreshing native plugins compatible for Editor in 0.62 ms, found 1 plugins.
Preloading 0 native plugins for Editor in 0.00 ms.
Unloading 2250 Unused Serialized files (Serialized files now loaded: 0)
System memory in use before: 100.7 MB.
System memory in use after: 100.8 MB.

Unloading 13 unused Assets to reduce memory usage. Loaded Objects now: 2723.
Total: 3.587000 ms (FindLiveObjects: 0.400900 ms CreateObjectMapping: 0.097700 ms MarkObjects: 2.920500 ms  DeleteObjects: 0.166300 ms)

========================================================================
Received Import Request.
  Time since last request: 421.269675 seconds.
  path: Assets/Animation/Enemy_Barehand/EBH_Attack.anim
  artifactKey: Guid(e1d03a2e330587545aad5cd369043a27) Importer(815301076,1909f56bfc062723c751e8b465ee728b)
Start importing Assets/Animation/Enemy_Barehand/EBH_Attack.anim using Guid(e1d03a2e330587545aad5cd369043a27) Importer(815301076,1909f56bfc062723c751e8b465ee728b)  -> (artifact id: '754db378fa2a7e1add4064c1c41bf33b') in 0.045083 seconds
  Import took 0.052800 seconds .

========================================================================
Received Import Request.
  Time since last request: 0.010495 seconds.
  path: Assets/Animation/Enemy_Barehand/EBH_Attack.anim
  artifactKey: Guid(e1d03a2e330587545aad5cd369043a27) Importer(815301076,1909f56bfc062723c751e8b465ee728b)
Start importing Assets/Animation/Enemy_Barehand/EBH_Attack.anim using Guid(e1d03a2e330587545aad5cd369043a27) Importer(815301076,1909f56bfc062723c751e8b465ee728b)  -> (artifact id: '754db378fa2a7e1add4064c1c41bf33b') in 0.014562 seconds
  Import took 0.023788 seconds .

========================================================================
Received Import Request.
  Time since last request: 11.381801 seconds.
  path: Assets/Animation/Enemy_Barehand/EBH_Death.anim
  artifactKey: Guid(03659f20506a8ca4c98baf9365ebb0c0) Importer(815301076,1909f56bfc062723c751e8b465ee728b)
Start importing Assets/Animation/Enemy_Barehand/EBH_Death.anim using Guid(03659f20506a8ca4c98baf9365ebb0c0) Importer(815301076,1909f56bfc062723c751e8b465ee728b)  -> (artifact id: 'f69247c12bd2417c9b03256f0e532239') in 0.026127 seconds
  Import took 0.035831 seconds .

========================================================================
Received Import Request.
  Time since last request: 0.000997 seconds.
  path: Assets/Animation/Enemy_Barehand/EBH_Death.anim
  artifactKey: Guid(03659f20506a8ca4c98baf9365ebb0c0) Importer(815301076,1909f56bfc062723c751e8b465ee728b)
Start importing Assets/Animation/Enemy_Barehand/EBH_Death.anim using Guid(03659f20506a8ca4c98baf9365ebb0c0) Importer(815301076,1909f56bfc062723c751e8b465ee728b)  -> (artifact id: 'f69247c12bd2417c9b03256f0e532239') in 0.016545 seconds
  Import took 0.026645 seconds .

========================================================================
Received Prepare
Registering precompiled user dll's ...
Registered in 0.002721 seconds.
Begin MonoManager ReloadAssembly
Native extension for WindowsStandalone target not found
Native extension for WebGL target not found
Refreshing native plugins compatible for Editor in 0.91 ms, found 1 plugins.
Preloading 0 native plugins for Editor in 0.00 ms.
Invoked RoslynAnalysisRunner static constructor.
RoslynAnalysisRunner will not be running.
RoslynAnalysisRunner has terminated.
Mono: successfully reloaded assembly
- Completed reload, in  1.829 seconds
Platform modules already initialized, skipping
Refreshing native plugins compatible for Editor in 0.66 ms, found 1 plugins.
Preloading 0 native plugins for Editor in 0.00 ms.
Unloading 2250 Unused Serialized files (Serialized files now loaded: 0)
System memory in use before: 100.8 MB.
System memory in use after: 100.9 MB.

Unloading 13 unused Assets to reduce memory usage. Loaded Objects now: 2727.
Total: 3.941900 ms (FindLiveObjects: 0.380700 ms CreateObjectMapping: 0.090400 ms MarkObjects: 3.245200 ms  DeleteObjects: 0.222800 ms)

========================================================================
Received Prepare
Registering precompiled user dll's ...
Registered in 0.002429 seconds.
Begin MonoManager ReloadAssembly
Native extension for WindowsStandalone target not found
Native extension for WebGL target not found
Refreshing native plugins compatible for Editor in 0.68 ms, found 1 plugins.
Preloading 0 native plugins for Editor in 0.00 ms.
Invoked RoslynAnalysisRunner static constructor.
RoslynAnalysisRunner will not be running.
RoslynAnalysisRunner has terminated.
Mono: successfully reloaded assembly
- Completed reload, in  1.597 seconds
Platform modules already initialized, skipping
Refreshing native plugins compatible for Editor in 0.66 ms, found 1 plugins.
Preloading 0 native plugins for Editor in 0.00 ms.
Unloading 2250 Unused Serialized files (Serialized files now loaded: 0)
System memory in use before: 100.8 MB.
System memory in use after: 100.9 MB.

Unloading 13 unused Assets to reduce memory usage. Loaded Objects now: 2731.
Total: 5.589500 ms (FindLiveObjects: 0.577700 ms CreateObjectMapping: 0.170300 ms MarkObjects: 4.580000 ms  DeleteObjects: 0.258300 ms)

========================================================================
Received Prepare
Registering precompiled user dll's ...
Registered in 0.002269 seconds.
Begin MonoManager ReloadAssembly
Native extension for WindowsStandalone target not found
Native extension for WebGL target not found
Refreshing native plugins compatible for Editor in 0.82 ms, found 1 plugins.
Preloading 0 native plugins for Editor in 0.00 ms.
Invoked RoslynAnalysisRunner static constructor.
RoslynAnalysisRunner will not be running.
RoslynAnalysisRunner has terminated.
Mono: successfully reloaded assembly
- Completed reload, in  1.674 seconds
Platform modules already initialized, skipping
Refreshing native plugins compatible for Editor in 0.65 ms, found 1 plugins.
Preloading 0 native plugins for Editor in 0.00 ms.
Unloading 2250 Unused Serialized files (Serialized files now loaded: 0)
System memory in use before: 100.9 MB.
System memory in use after: 100.9 MB.

Unloading 13 unused Assets to reduce memory usage. Loaded Objects now: 2735.
Total: 4.967800 ms (FindLiveObjects: 0.511500 ms CreateObjectMapping: 0.162300 ms MarkObjects: 4.049200 ms  DeleteObjects: 0.242100 ms)

========================================================================
Received Import Request.
  Time since last request: 4468.708487 seconds.
  path: Assets/Enemies/Enemy_Sword.prefab
  artifactKey: Guid(02b5368425087ea4ab22a13be06c8ba6) Importer(815301076,1909f56bfc062723c751e8b465ee728b)
Start importing Assets/Enemies/Enemy_Sword.prefab using Guid(02b5368425087ea4ab22a13be06c8ba6) Importer(815301076,1909f56bfc062723c751e8b465ee728b)  -> (artifact id: '14038c800d15dc1f523396467a441dc4') in 0.252805 seconds
  Import took 0.265477 seconds .

========================================================================
Received Import Request.
  Time since last request: 0.033500 seconds.
  path: Assets/Enemies/Enemy_Sword.prefab
  artifactKey: Guid(02b5368425087ea4ab22a13be06c8ba6) Importer(815301076,1909f56bfc062723c751e8b465ee728b)
Start importing Assets/Enemies/Enemy_Sword.prefab using Guid(02b5368425087ea4ab22a13be06c8ba6) Importer(815301076,1909f56bfc062723c751e8b465ee728b)  -> (artifact id: '14038c800d15dc1f523396467a441dc4') in 0.049377 seconds
  Import took 0.060532 seconds .

========================================================================
Received Prepare
Registering precompiled user dll's ...
Registered in 0.003554 seconds.
Begin MonoManager ReloadAssembly
Native extension for WindowsStandalone target not found
Native extension for WebGL target not found
Refreshing native plugins compatible for Editor in 0.67 ms, found 1 plugins.
Preloading 0 native plugins for Editor in 0.00 ms.
Invoked RoslynAnalysisRunner static constructor.
RoslynAnalysisRunner will not be running.
RoslynAnalysisRunner has terminated.
Mono: successfully reloaded assembly
- Completed reload, in  1.598 seconds
Platform modules already initialized, skipping
Refreshing native plugins compatible for Editor in 0.91 ms, found 1 plugins.
Preloading 0 native plugins for Editor in 0.00 ms.
Unloading 2250 Unused Serialized files (Serialized files now loaded: 0)
System memory in use before: 103.9 MB.
System memory in use after: 104.0 MB.

Unloading 13 unused Assets to reduce memory usage. Loaded Objects now: 2746.
Total: 5.586300 ms (FindLiveObjects: 0.767000 ms CreateObjectMapping: 0.158000 ms MarkObjects: 4.418600 ms  DeleteObjects: 0.239400 ms)

========================================================================
Received Prepare
Registering precompiled user dll's ...
Registered in 0.001509 seconds.
Begin MonoManager ReloadAssembly
Native extension for WindowsStandalone target not found
Native extension for WebGL target not found
Refreshing native plugins compatible for Editor in 0.66 ms, found 1 plugins.
Preloading 0 native plugins for Editor in 0.00 ms.
Invoked RoslynAnalysisRunner static constructor.
RoslynAnalysisRunner will not be running.
RoslynAnalysisRunner has terminated.
Mono: successfully reloaded assembly
- Completed reload, in  1.419 seconds
Platform modules already initialized, skipping
Refreshing native plugins compatible for Editor in 0.72 ms, found 1 plugins.
Preloading 0 native plugins for Editor in 0.00 ms.
Unloading 2250 Unused Serialized files (Serialized files now loaded: 0)
System memory in use before: 103.9 MB.
System memory in use after: 104.0 MB.

Unloading 13 unused Assets to reduce memory usage. Loaded Objects now: 2750.
Total: 5.850500 ms (FindLiveObjects: 0.972500 ms CreateObjectMapping: 0.183700 ms MarkObjects: 4.450300 ms  DeleteObjects: 0.240900 ms)

========================================================================
Received Prepare
Registering precompiled user dll's ...
Registered in 0.002172 seconds.
Begin MonoManager ReloadAssembly
Native extension for WindowsStandalone target not found
Native extension for WebGL target not found
Refreshing native plugins compatible for Editor in 0.67 ms, found 1 plugins.
Preloading 0 native plugins for Editor in 0.00 ms.
Invoked RoslynAnalysisRunner static constructor.
RoslynAnalysisRunner will not be running.
RoslynAnalysisRunner has terminated.
Mono: successfully reloaded assembly
- Completed reload, in  1.657 seconds
Platform modules already initialized, skipping
Refreshing native plugins compatible for Editor in 1.35 ms, found 1 plugins.
Preloading 0 native plugins for Editor in 0.00 ms.
Unloading 2250 Unused Serialized files (Serialized files now loaded: 0)
System memory in use before: 103.9 MB.
System memory in use after: 104.0 MB.

Unloading 13 unused Assets to reduce memory usage. Loaded Objects now: 2754.
Total: 5.300500 ms (FindLiveObjects: 0.512700 ms CreateObjectMapping: 0.158400 ms MarkObjects: 4.392200 ms  DeleteObjects: 0.234600 ms)

========================================================================
Received Prepare
Registering precompiled user dll's ...
Registered in 0.002216 seconds.
Begin MonoManager ReloadAssembly
Native extension for WindowsStandalone target not found
Native extension for WebGL target not found
Refreshing native plugins compatible for Editor in 1.49 ms, found 1 plugins.
Preloading 0 native plugins for Editor in 0.00 ms.
Invoked RoslynAnalysisRunner static constructor.
RoslynAnalysisRunner will not be running.
RoslynAnalysisRunner has terminated.
Mono: successfully reloaded assembly
- Completed reload, in  1.935 seconds
Platform modules already initialized, skipping
Refreshing native plugins compatible for Editor in 0.91 ms, found 1 plugins.
Preloading 0 native plugins for Editor in 0.00 ms.
Unloading 2250 Unused Serialized files (Serialized files now loaded: 0)
System memory in use before: 103.9 MB.
System memory in use after: 104.0 MB.

Unloading 13 unused Assets to reduce memory usage. Loaded Objects now: 2758.
Total: 6.392500 ms (FindLiveObjects: 0.892800 ms CreateObjectMapping: 0.402900 ms MarkObjects: 4.850600 ms  DeleteObjects: 0.242700 ms)

========================================================================
Received Prepare
Registering precompiled user dll's ...
Registered in 0.001486 seconds.
Begin MonoManager ReloadAssembly
Native extension for WindowsStandalone target not found
Native extension for WebGL target not found
Refreshing native plugins compatible for Editor in 0.68 ms, found 1 plugins.
Preloading 0 native plugins for Editor in 0.00 ms.
Invoked RoslynAnalysisRunner static constructor.
RoslynAnalysisRunner will not be running.
RoslynAnalysisRunner has terminated.
Mono: successfully reloaded assembly
- Completed reload, in  1.711 seconds
Platform modules already initialized, skipping
Refreshing native plugins compatible for Editor in 0.57 ms, found 1 plugins.
Preloading 0 native plugins for Editor in 0.00 ms.
Unloading 2250 Unused Serialized files (Serialized files now loaded: 0)
System memory in use before: 103.9 MB.
System memory in use after: 104.0 MB.

Unloading 13 unused Assets to reduce memory usage. Loaded Objects now: 2762.
Total: 5.119600 ms (FindLiveObjects: 0.588400 ms CreateObjectMapping: 0.168700 ms MarkObjects: 4.113200 ms  DeleteObjects: 0.246400 ms)

========================================================================
Received Prepare
Registering precompiled user dll's ...
Registered in 0.002388 seconds.
Begin MonoManager ReloadAssembly
Native extension for WindowsStandalone target not found
Native extension for WebGL target not found
Refreshing native plugins compatible for Editor in 0.73 ms, found 1 plugins.
Preloading 0 native plugins for Editor in 0.00 ms.
Invoked RoslynAnalysisRunner static constructor.
RoslynAnalysisRunner will not be running.
RoslynAnalysisRunner has terminated.
Mono: successfully reloaded assembly
- Completed reload, in  1.691 seconds
Platform modules already initialized, skipping
Refreshing native plugins compatible for Editor in 0.64 ms, found 1 plugins.
Preloading 0 native plugins for Editor in 0.00 ms.
Unloading 2250 Unused Serialized files (Serialized files now loaded: 0)
System memory in use before: 103.9 MB.
System memory in use after: 104.0 MB.

Unloading 13 unused Assets to reduce memory usage. Loaded Objects now: 2766.
Total: 5.580900 ms (FindLiveObjects: 0.768600 ms CreateObjectMapping: 0.188100 ms MarkObjects: 4.376200 ms  DeleteObjects: 0.245500 ms)

========================================================================
Received Import Request.
  Time since last request: 2279.928014 seconds.
  path: Assets/Sprites/SMBLogo.png
  artifactKey: Guid(7b2ffb1d9b40ee844ad39900b6826ed9) Importer(815301076,1909f56bfc062723c751e8b465ee728b)
Start importing Assets/Sprites/SMBLogo.png using Guid(7b2ffb1d9b40ee844ad39900b6826ed9) Importer(815301076,1909f56bfc062723c751e8b465ee728b)  -> (artifact id: '3c3938d33cf48aa3a153c2a16d5dd0e6') in 0.190284 seconds
  Import took 0.201014 seconds .

========================================================================
Received Import Request.
  Time since last request: 576.015377 seconds.
  path: Assets/Sprites/Semicircle.png
  artifactKey: Guid(7b2ffb1d9b40ee844ad39900b6826ed9) Importer(815301076,1909f56bfc062723c751e8b465ee728b)
Start importing Assets/Sprites/Semicircle.png using Guid(7b2ffb1d9b40ee844ad39900b6826ed9) Importer(815301076,1909f56bfc062723c751e8b465ee728b)  -> (artifact id: '50f395b3f20c77648e52b0a9d0ff747d') in 0.072329 seconds
  Import took 0.086104 seconds .

========================================================================
Received Import Request.
  Time since last request: 1398.817204 seconds.
  path: Assets/Sprites/New Piskel (2).png
  artifactKey: Guid(46c327216b699f64d97f6edfbb773171) Importer(815301076,1909f56bfc062723c751e8b465ee728b)
Start importing Assets/Sprites/New Piskel (2).png using Guid(46c327216b699f64d97f6edfbb773171) Importer(815301076,1909f56bfc062723c751e8b465ee728b)  -> (artifact id: '68990c19ab5a0fa42cd1cf5a568a6afd') in 0.146424 seconds
  Import took 0.158971 seconds .

========================================================================
Received Import Request.
  Time since last request: 13.449994 seconds.
  path: Assets/Sprites/New Piskel (2).png
  artifactKey: Guid(46c327216b699f64d97f6edfbb773171) Importer(815301076,1909f56bfc062723c751e8b465ee728b)
Start importing Assets/Sprites/New Piskel (2).png using Guid(46c327216b699f64d97f6edfbb773171) Importer(815301076,1909f56bfc062723c751e8b465ee728b)  -> (artifact id: '078dc300cc015e8c49b23affcc7ac32f') in 0.043244 seconds
  Import took 0.052077 seconds .

========================================================================
Received Import Request.
  Time since last request: 14.832230 seconds.
  path: Assets/Sprites/New Piskel (2).png
  artifactKey: Guid(46c327216b699f64d97f6edfbb773171) Importer(815301076,1909f56bfc062723c751e8b465ee728b)
Start importing Assets/Sprites/New Piskel (2).png using Guid(46c327216b699f64d97f6edfbb773171) Importer(815301076,1909f56bfc062723c751e8b465ee728b)  -> (artifact id: 'ab4cf7b3831537ff3306e7e82f89948a') in 0.065140 seconds
  Import took 0.074650 seconds .

========================================================================
Received Prepare
Registering precompiled user dll's ...
Registered in 0.001579 seconds.
Begin MonoManager ReloadAssembly
Native extension for WindowsStandalone target not found
Native extension for WebGL target not found
Refreshing native plugins compatible for Editor in 0.69 ms, found 1 plugins.
Preloading 0 native plugins for Editor in 0.00 ms.
Invoked RoslynAnalysisRunner static constructor.
RoslynAnalysisRunner will not be running.
RoslynAnalysisRunner has terminated.
Mono: successfully reloaded assembly
- Completed reload, in  1.897 seconds
Platform modules already initialized, skipping
Refreshing native plugins compatible for Editor in 0.91 ms, found 1 plugins.
Preloading 0 native plugins for Editor in 0.00 ms.
Unloading 2250 Unused Serialized files (Serialized files now loaded: 0)
System memory in use before: 103.9 MB.
System memory in use after: 104.0 MB.

Unloading 13 unused Assets to reduce memory usage. Loaded Objects now: 2773.
Total: 7.435500 ms (FindLiveObjects: 0.901000 ms CreateObjectMapping: 0.175700 ms MarkObjects: 6.101100 ms  DeleteObjects: 0.254400 ms)

========================================================================
Received Prepare
Registering precompiled user dll's ...
Registered in 0.002064 seconds.
Begin MonoManager ReloadAssembly
Native extension for WindowsStandalone target not found
Native extension for WebGL target not found
Refreshing native plugins compatible for Editor in 0.67 ms, found 1 plugins.
Preloading 0 native plugins for Editor in 0.00 ms.
Invoked RoslynAnalysisRunner static constructor.
RoslynAnalysisRunner will not be running.
RoslynAnalysisRunner has terminated.
Mono: successfully reloaded assembly
- Completed reload, in  1.523 seconds
Platform modules already initialized, skipping
Refreshing native plugins compatible for Editor in 0.65 ms, found 1 plugins.
Preloading 0 native plugins for Editor in 0.00 ms.
Unloading 2250 Unused Serialized files (Serialized files now loaded: 0)
System memory in use before: 104.0 MB.
System memory in use after: 104.1 MB.

Unloading 13 unused Assets to reduce memory usage. Loaded Objects now: 2777.
Total: 3.824100 ms (FindLiveObjects: 0.492900 ms CreateObjectMapping: 0.149600 ms MarkObjects: 3.002600 ms  DeleteObjects: 0.176300 ms)

========================================================================
Received Prepare
Registering precompiled user dll's ...
Registered in 0.002247 seconds.
Begin MonoManager ReloadAssembly
Native extension for WindowsStandalone target not found
Native extension for WebGL target not found
Refreshing native plugins compatible for Editor in 0.98 ms, found 1 plugins.
Preloading 0 native plugins for Editor in 0.00 ms.
Invoked RoslynAnalysisRunner static constructor.
RoslynAnalysisRunner will not be running.
RoslynAnalysisRunner has terminated.
Mono: successfully reloaded assembly
- Completed reload, in  1.387 seconds
Platform modules already initialized, skipping
Refreshing native plugins compatible for Editor in 0.53 ms, found 1 plugins.
Preloading 0 native plugins for Editor in 0.00 ms.
Unloading 2250 Unused Serialized files (Serialized files now loaded: 0)
System memory in use before: 104.0 MB.
System memory in use after: 104.1 MB.

Unloading 13 unused Assets to reduce memory usage. Loaded Objects now: 2781.
Total: 3.631900 ms (FindLiveObjects: 0.484000 ms CreateObjectMapping: 0.158900 ms MarkObjects: 2.841400 ms  DeleteObjects: 0.145900 ms)

========================================================================
Received Prepare
Registering precompiled user dll's ...
Registered in 0.002218 seconds.
Begin MonoManager ReloadAssembly
Native extension for WindowsStandalone target not found
Native extension for WebGL target not found
Refreshing native plugins compatible for Editor in 0.91 ms, found 1 plugins.
Preloading 0 native plugins for Editor in 0.00 ms.
Invoked RoslynAnalysisRunner static constructor.
RoslynAnalysisRunner will not be running.
RoslynAnalysisRunner has terminated.
Mono: successfully reloaded assembly
- Completed reload, in  1.550 seconds
Platform modules already initialized, skipping
Refreshing native plugins compatible for Editor in 0.63 ms, found 1 plugins.
Preloading 0 native plugins for Editor in 0.00 ms.
Unloading 2250 Unused Serialized files (Serialized files now loaded: 0)
System memory in use before: 104.0 MB.
System memory in use after: 104.1 MB.

Unloading 13 unused Assets to reduce memory usage. Loaded Objects now: 2785.
Total: 5.737700 ms (FindLiveObjects: 0.488400 ms CreateObjectMapping: 0.194500 ms MarkObjects: 4.811800 ms  DeleteObjects: 0.239800 ms)

========================================================================
Received Prepare
Registering precompiled user dll's ...
Registered in 0.002263 seconds.
Begin MonoManager ReloadAssembly
Native extension for WindowsStandalone target not found
Native extension for WebGL target not found
Refreshing native plugins compatible for Editor in 0.94 ms, found 1 plugins.
Preloading 0 native plugins for Editor in 0.00 ms.
Invoked RoslynAnalysisRunner static constructor.
RoslynAnalysisRunner will not be running.
RoslynAnalysisRunner has terminated.
Mono: successfully reloaded assembly
- Completed reload, in  1.758 seconds
Platform modules already initialized, skipping
Refreshing native plugins compatible for Editor in 0.64 ms, found 1 plugins.
Preloading 0 native plugins for Editor in 0.00 ms.
Unloading 2250 Unused Serialized files (Serialized files now loaded: 0)
System memory in use before: 104.0 MB.
System memory in use after: 104.1 MB.

Unloading 13 unused Assets to reduce memory usage. Loaded Objects now: 2789.
Total: 5.006700 ms (FindLiveObjects: 0.995400 ms CreateObjectMapping: 0.444400 ms MarkObjects: 3.350800 ms  DeleteObjects: 0.213500 ms)

========================================================================
Received Import Request.
  Time since last request: 3366.789251 seconds.
  path: Assets/Animation/Enemy_Horseback
  artifactKey: Guid(0a8b939ef56bf534e8b450afb705d55f) Importer(815301076,1909f56bfc062723c751e8b465ee728b)
Start importing Assets/Animation/Enemy_Horseback using Guid(0a8b939ef56bf534e8b450afb705d55f) Importer(815301076,1909f56bfc062723c751e8b465ee728b)  -> (artifact id: 'c5b681c5fcd5af8afec95c93ff0db66d') in 0.030807 seconds
  Import took 0.040936 seconds .

========================================================================
Received Import Request.
  Time since last request: 6.534279 seconds.
  path: Assets/Animation/EnemySword.controller
  artifactKey: Guid(9d504c587aa40de4a808a7497acbaa29) Importer(815301076,1909f56bfc062723c751e8b465ee728b)
Start importing Assets/Animation/EnemySword.controller using Guid(9d504c587aa40de4a808a7497acbaa29) Importer(815301076,1909f56bfc062723c751e8b465ee728b)  -> (artifact id: '267f8b2f266027a8b8f90f18df6b91d5') in 0.094265 seconds
  Import took 0.106259 seconds .

========================================================================
Received Import Request.
  Time since last request: 1.816454 seconds.
  path: Assets/Animation/EnemySword 1.controller
  artifactKey: Guid(2011aef7ca7fbd5479aa142e94021b24) Importer(815301076,1909f56bfc062723c751e8b465ee728b)
Start importing Assets/Animation/EnemySword 1.controller using Guid(2011aef7ca7fbd5479aa142e94021b24) Importer(815301076,1909f56bfc062723c751e8b465ee728b)  -> (artifact id: 'bd901753f2eb6fea630c1f61c13e1a62') in 0.050765 seconds
  Import took 0.061027 seconds .

========================================================================
Received Import Request.
  Time since last request: 0.011678 seconds.
  path: Assets/Animation/EnemySword 1.controller
  artifactKey: Guid(2011aef7ca7fbd5479aa142e94021b24) Importer(815301076,1909f56bfc062723c751e8b465ee728b)
Start importing Assets/Animation/EnemySword 1.controller using Guid(2011aef7ca7fbd5479aa142e94021b24) Importer(815301076,1909f56bfc062723c751e8b465ee728b)  -> (artifact id: 'bd901753f2eb6fea630c1f61c13e1a62') in 0.040912 seconds
  Import took 0.052149 seconds .

========================================================================
Received Import Request.
  Time since last request: 8.872654 seconds.
  path: Assets/Animation/EnemyHorseback.controller
  artifactKey: Guid(2011aef7ca7fbd5479aa142e94021b24) Importer(815301076,1909f56bfc062723c751e8b465ee728b)
Start importing Assets/Animation/EnemyHorseback.controller using Guid(2011aef7ca7fbd5479aa142e94021b24) Importer(815301076,1909f56bfc062723c751e8b465ee728b)  -> (artifact id: 'bea966a49d1cf66087966c4fd9397622') in 0.083390 seconds
  Import took 0.094216 seconds .

========================================================================
Received Prepare
Registering precompiled user dll's ...
Registered in 0.002851 seconds.
Begin MonoManager ReloadAssembly
Native extension for WindowsStandalone target not found
Native extension for WebGL target not found
Refreshing native plugins compatible for Editor in 0.97 ms, found 1 plugins.
Preloading 0 native plugins for Editor in 0.00 ms.
Invoked RoslynAnalysisRunner static constructor.
RoslynAnalysisRunner will not be running.
RoslynAnalysisRunner has terminated.
Mono: successfully reloaded assembly
- Completed reload, in  2.304 seconds
Platform modules already initialized, skipping
Refreshing native plugins compatible for Editor in 1.02 ms, found 1 plugins.
Preloading 0 native plugins for Editor in 0.00 ms.
Unloading 2250 Unused Serialized files (Serialized files now loaded: 0)
System memory in use before: 104.0 MB.
System memory in use after: 104.1 MB.

Unloading 13 unused Assets to reduce memory usage. Loaded Objects now: 2793.
Total: 6.904800 ms (FindLiveObjects: 0.691800 ms CreateObjectMapping: 0.471200 ms MarkObjects: 5.477100 ms  DeleteObjects: 0.261600 ms)

========================================================================
Received Prepare
Registering precompiled user dll's ...
Registered in 0.003258 seconds.
Begin MonoManager ReloadAssembly
Native extension for WindowsStandalone target not found
Native extension for WebGL target not found
Refreshing native plugins compatible for Editor in 0.93 ms, found 1 plugins.
Preloading 0 native plugins for Editor in 0.00 ms.
Invoked RoslynAnalysisRunner static constructor.
RoslynAnalysisRunner will not be running.
RoslynAnalysisRunner has terminated.
Mono: successfully reloaded assembly
- Completed reload, in  2.407 seconds
Platform modules already initialized, skipping
Refreshing native plugins compatible for Editor in 0.88 ms, found 1 plugins.
Preloading 0 native plugins for Editor in 0.00 ms.
Unloading 2250 Unused Serialized files (Serialized files now loaded: 0)
System memory in use before: 104.0 MB.
System memory in use after: 104.1 MB.

Unloading 13 unused Assets to reduce memory usage. Loaded Objects now: 2797.
Total: 5.470000 ms (FindLiveObjects: 0.491200 ms CreateObjectMapping: 0.162100 ms MarkObjects: 4.599100 ms  DeleteObjects: 0.215100 ms)

========================================================================
Received Import Request.
  Time since last request: 1781.328308 seconds.
  path: Assets/Animation/EnemyHorseback.controller
  artifactKey: Guid(2011aef7ca7fbd5479aa142e94021b24) Importer(815301076,1909f56bfc062723c751e8b465ee728b)
Start importing Assets/Animation/EnemyHorseback.controller using Guid(2011aef7ca7fbd5479aa142e94021b24) Importer(815301076,1909f56bfc062723c751e8b465ee728b)  -> (artifact id: 'b894a820024094fce58510854dc0a9e8') in 0.081748 seconds
  Import took 0.096856 seconds .

========================================================================
Received Prepare
Registering precompiled user dll's ...
Registered in 0.004196 seconds.
Begin MonoManager ReloadAssembly
Native extension for WindowsStandalone target not found
Native extension for WebGL target not found
Refreshing native plugins compatible for Editor in 0.91 ms, found 1 plugins.
Preloading 0 native plugins for Editor in 0.00 ms.
Invoked RoslynAnalysisRunner static constructor.
RoslynAnalysisRunner will not be running.
RoslynAnalysisRunner has terminated.
Mono: successfully reloaded assembly
- Completed reload, in  2.260 seconds
Platform modules already initialized, skipping
Refreshing native plugins compatible for Editor in 0.89 ms, found 1 plugins.
Preloading 0 native plugins for Editor in 0.00 ms.
Unloading 2250 Unused Serialized files (Serialized files now loaded: 0)
System memory in use before: 104.0 MB.
System memory in use after: 104.1 MB.

Unloading 13 unused Assets to reduce memory usage. Loaded Objects now: 2801.
Total: 5.335600 ms (FindLiveObjects: 0.609500 ms CreateObjectMapping: 0.153200 ms MarkObjects: 4.328000 ms  DeleteObjects: 0.241800 ms)

========================================================================
Received Import Request.
  Time since last request: 6.187612 seconds.
  path: Assets/Animation/EnemyHorseback.controller
  artifactKey: Guid(2011aef7ca7fbd5479aa142e94021b24) Importer(815301076,1909f56bfc062723c751e8b465ee728b)
Start importing Assets/Animation/EnemyHorseback.controller using Guid(2011aef7ca7fbd5479aa142e94021b24) Importer(815301076,1909f56bfc062723c751e8b465ee728b)  -> (artifact id: 'd64bf458d807c088b8f9a448bacd17b4') in 0.069875 seconds
  Import took 0.079260 seconds .

AssetImportWorkerClient::OnTransportError - code=2 error=End of file
