Using pre-set license
Built from '2020.3/release' branch; Version is '2020.3.1f1 (77a89f25062f) revision 7841951'; Using compiler version '192528614'; Build Type 'Release'
OS: 'Windows 10 Home; OS build 19043.1466; Version 2009; 64bit' Language: 'en' Physical Memory: 7549 MB
BatchMode: 1, IsHumanControllingUs: 0, StartBugReporterOnCrash: 0, Is64bit: 1, IsPro: 0

 COMMAND LINE ARGUMENTS:
C:\Program Files\Unity\Hub\Editor\2020.3.1f1\Editor\Unity.exe
-adb2
-batchMode
-noUpm
-name
AssetImportWorker0
-projectPath
C:/Users/ranja/Desktop/Games/Simple2DGame
-logFile
Logs/AssetImportWorker0.log
-srvPort
54167
Successfully changed project path to: C:/Users/ranja/Desktop/Games/Simple2DGame
C:/Users/ranja/Desktop/Games/Simple2DGame
Using Asset Import Pipeline V2.
Refreshing native plugins compatible for Editor in 87.17 ms, found 1 plugins.
Preloading 0 native plugins for Editor in 0.00 ms.
Initialize engine version: 2020.3.1f1 (77a89f25062f)
[Subsystems] Discovering subsystems at path C:/Program Files/Unity/Hub/Editor/2020.3.1f1/Editor/Data/Resources/UnitySubsystems
[Subsystems] Discovering subsystems at path C:/Users/ranja/Desktop/Games/Simple2DGame/Assets
GfxDevice: creating device client; threaded=0
Direct3D:
    Version:  Direct3D 11.0 [level 11.1]
    Renderer: AMD Radeon(TM) Graphics (ID=0x1636)
    Vendor:   
    VRAM:     3774 MB
    Driver:   27.20.11044.4003
Initialize mono
Mono path[0] = 'C:/Program Files/Unity/Hub/Editor/2020.3.1f1/Editor/Data/Managed'
Mono path[1] = 'C:/Program Files/Unity/Hub/Editor/2020.3.1f1/Editor/Data/MonoBleedingEdge/lib/mono/unityjit'
Mono config path = 'C:/Program Files/Unity/Hub/Editor/2020.3.1f1/Editor/Data/MonoBleedingEdge/etc'
Using monoOptions --debugger-agent=transport=dt_socket,embedding=1,server=y,suspend=n,address=127.0.0.1:56400
Begin MonoManager ReloadAssembly
Registering precompiled unity dll's ...
Register platform support module: C:/Program Files/Unity/Hub/Editor/2020.3.1f1/Editor/Data/PlaybackEngines/WebGLSupport/UnityEditor.WebGL.Extensions.dll
Register platform support module: C:/Program Files/Unity/Hub/Editor/2020.3.1f1/Editor/Data/PlaybackEngines/WindowsStandaloneSupport/UnityEditor.WindowsStandalone.Extensions.dll
Registered in 0.005584 seconds.
Native extension for WindowsStandalone target not found
Native extension for WebGL target not found
Refreshing native plugins compatible for Editor in 123.56 ms, found 1 plugins.
Preloading 0 native plugins for Editor in 0.00 ms.
Invoked RoslynAnalysisRunner static constructor.
RoslynAnalysisRunner will not be running.
RoslynAnalysisRunner has terminated.
Mono: successfully reloaded assembly
- Completed reload, in  2.491 seconds
Platform modules already initialized, skipping
Registering precompiled user dll's ...
Registered in 0.001680 seconds.
Begin MonoManager ReloadAssembly
Native extension for WindowsStandalone target not found
Native extension for WebGL target not found
Refreshing native plugins compatible for Editor in 89.93 ms, found 1 plugins.
Preloading 0 native plugins for Editor in 0.00 ms.
Invoked RoslynAnalysisRunner static constructor.
RoslynAnalysisRunner will not be running.
RoslynAnalysisRunner has terminated.
Mono: successfully reloaded assembly
- Completed reload, in  1.970 seconds
Platform modules already initialized, skipping
========================================================================
Worker process is ready to serve import requests
Launched and connected shader compiler UnityShaderCompiler.exe after 0.07 seconds
Refreshing native plugins compatible for Editor in 1.02 ms, found 1 plugins.
Preloading 0 native plugins for Editor in 0.00 ms.
Unloading 2258 Unused Serialized files (Serialized files now loaded: 0)
System memory in use before: 100.6 MB.
System memory in use after: 100.6 MB.

Unloading 27 unused Assets to reduce memory usage. Loaded Objects now: 2704.
Total: 5.339900 ms (FindLiveObjects: 0.492700 ms CreateObjectMapping: 0.252300 ms MarkObjects: 4.335600 ms  DeleteObjects: 0.257000 ms)

========================================================================
Received Import Request.
  path: Assets/Sprites/Blogger Sans-Bold.otf
  artifactKey: Guid(10d3dd59d54ab4a4e8c5a5dd6ca6a73b) Importer(815301076,1909f56bfc062723c751e8b465ee728b)
Start importing Assets/Sprites/Blogger Sans-Bold.otf using Guid(10d3dd59d54ab4a4e8c5a5dd6ca6a73b) Importer(815301076,1909f56bfc062723c751e8b465ee728b)  -> (artifact id: 'c154e7a4c2beb34f162ac8e26ba03f7a') in 0.308898 seconds
  Import took 0.317911 seconds .

========================================================================
Received Prepare
Registering precompiled user dll's ...
Registered in 0.002197 seconds.
Begin MonoManager ReloadAssembly
Native extension for WindowsStandalone target not found
Native extension for WebGL target not found
Refreshing native plugins compatible for Editor in 1.13 ms, found 1 plugins.
Preloading 0 native plugins for Editor in 0.00 ms.
Invoked RoslynAnalysisRunner static constructor.
RoslynAnalysisRunner will not be running.
RoslynAnalysisRunner has terminated.
Mono: successfully reloaded assembly
- Completed reload, in  1.983 seconds
Platform modules already initialized, skipping
Refreshing native plugins compatible for Editor in 1.04 ms, found 1 plugins.
Preloading 0 native plugins for Editor in 0.00 ms.
Unloading 2251 Unused Serialized files (Serialized files now loaded: 0)
System memory in use before: 104.0 MB.
System memory in use after: 104.1 MB.

Unloading 13 unused Assets to reduce memory usage. Loaded Objects now: 2752.
Total: 3.637200 ms (FindLiveObjects: 0.434700 ms CreateObjectMapping: 0.101300 ms MarkObjects: 2.941800 ms  DeleteObjects: 0.157600 ms)

========================================================================
Received Import Request.
  Time since last request: 4812.239203 seconds.
  path: Assets/Scenes/TitleScreen.unity
  artifactKey: Guid(26e252ea433fdff4d99ea1d4cd20482b) Importer(815301076,1909f56bfc062723c751e8b465ee728b)
Start importing Assets/Scenes/TitleScreen.unity using Guid(26e252ea433fdff4d99ea1d4cd20482b) Importer(815301076,1909f56bfc062723c751e8b465ee728b)  -> (artifact id: '2f54431ff1c720f6d69d4aa459b7a530') in 0.032242 seconds
  Import took 0.039764 seconds .

========================================================================
Received Prepare
Registering precompiled user dll's ...
Registered in 0.002017 seconds.
Begin MonoManager ReloadAssembly
Native extension for WindowsStandalone target not found
Native extension for WebGL target not found
Refreshing native plugins compatible for Editor in 0.82 ms, found 1 plugins.
Preloading 0 native plugins for Editor in 0.00 ms.
Invoked RoslynAnalysisRunner static constructor.
RoslynAnalysisRunner will not be running.
RoslynAnalysisRunner has terminated.
Mono: successfully reloaded assembly
- Completed reload, in  1.835 seconds
Platform modules already initialized, skipping
Refreshing native plugins compatible for Editor in 0.81 ms, found 1 plugins.
Preloading 0 native plugins for Editor in 0.00 ms.
Unloading 2251 Unused Serialized files (Serialized files now loaded: 0)
System memory in use before: 104.0 MB.
System memory in use after: 104.1 MB.

Unloading 13 unused Assets to reduce memory usage. Loaded Objects now: 2756.
Total: 5.605100 ms (FindLiveObjects: 0.477900 ms CreateObjectMapping: 0.151900 ms MarkObjects: 4.539600 ms  DeleteObjects: 0.433300 ms)

========================================================================
Received Prepare
Registering precompiled user dll's ...
Registered in 0.001706 seconds.
Begin MonoManager ReloadAssembly
Native extension for WindowsStandalone target not found
Native extension for WebGL target not found
Refreshing native plugins compatible for Editor in 1.74 ms, found 1 plugins.
Preloading 0 native plugins for Editor in 0.00 ms.
Invoked RoslynAnalysisRunner static constructor.
RoslynAnalysisRunner will not be running.
RoslynAnalysisRunner has terminated.
Mono: successfully reloaded assembly
- Completed reload, in  1.586 seconds
Platform modules already initialized, skipping
Refreshing native plugins compatible for Editor in 1.21 ms, found 1 plugins.
Preloading 0 native plugins for Editor in 0.00 ms.
Unloading 2251 Unused Serialized files (Serialized files now loaded: 0)
System memory in use before: 104.1 MB.
System memory in use after: 104.1 MB.

Unloading 13 unused Assets to reduce memory usage. Loaded Objects now: 2760.
Total: 5.257800 ms (FindLiveObjects: 0.956600 ms CreateObjectMapping: 0.279000 ms MarkObjects: 3.827200 ms  DeleteObjects: 0.191700 ms)

========================================================================
Received Prepare
Registering precompiled user dll's ...
Registered in 0.002292 seconds.
Begin MonoManager ReloadAssembly
Native extension for WindowsStandalone target not found
Native extension for WebGL target not found
Refreshing native plugins compatible for Editor in 0.96 ms, found 1 plugins.
Preloading 0 native plugins for Editor in 0.00 ms.
Invoked RoslynAnalysisRunner static constructor.
RoslynAnalysisRunner will not be running.
RoslynAnalysisRunner has terminated.
Mono: successfully reloaded assembly
- Completed reload, in  1.684 seconds
Platform modules already initialized, skipping
Refreshing native plugins compatible for Editor in 1.07 ms, found 1 plugins.
Preloading 0 native plugins for Editor in 0.00 ms.
Unloading 2251 Unused Serialized files (Serialized files now loaded: 0)
System memory in use before: 104.1 MB.
System memory in use after: 104.2 MB.

Unloading 13 unused Assets to reduce memory usage. Loaded Objects now: 2764.
Total: 6.274400 ms (FindLiveObjects: 0.420600 ms CreateObjectMapping: 0.095500 ms MarkObjects: 5.469600 ms  DeleteObjects: 0.285900 ms)

========================================================================
Received Prepare
Registering precompiled user dll's ...
Registered in 0.002355 seconds.
Begin MonoManager ReloadAssembly
Native extension for WindowsStandalone target not found
Native extension for WebGL target not found
Refreshing native plugins compatible for Editor in 0.88 ms, found 1 plugins.
Preloading 0 native plugins for Editor in 0.00 ms.
Invoked RoslynAnalysisRunner static constructor.
RoslynAnalysisRunner will not be running.
RoslynAnalysisRunner has terminated.
Mono: successfully reloaded assembly
- Completed reload, in  1.496 seconds
Platform modules already initialized, skipping
Refreshing native plugins compatible for Editor in 1.12 ms, found 1 plugins.
Preloading 0 native plugins for Editor in 0.00 ms.
Unloading 2251 Unused Serialized files (Serialized files now loaded: 0)
System memory in use before: 104.1 MB.
System memory in use after: 104.2 MB.

Unloading 13 unused Assets to reduce memory usage. Loaded Objects now: 2768.
Total: 6.188400 ms (FindLiveObjects: 0.698100 ms CreateObjectMapping: 0.198600 ms MarkObjects: 5.057300 ms  DeleteObjects: 0.231800 ms)

========================================================================
Received Prepare
Registering precompiled user dll's ...
Registered in 0.001850 seconds.
Begin MonoManager ReloadAssembly
Native extension for WindowsStandalone target not found
Native extension for WebGL target not found
Refreshing native plugins compatible for Editor in 1.16 ms, found 1 plugins.
Preloading 0 native plugins for Editor in 0.00 ms.
Invoked RoslynAnalysisRunner static constructor.
RoslynAnalysisRunner will not be running.
RoslynAnalysisRunner has terminated.
Mono: successfully reloaded assembly
- Completed reload, in  1.773 seconds
Platform modules already initialized, skipping
Refreshing native plugins compatible for Editor in 0.79 ms, found 1 plugins.
Preloading 0 native plugins for Editor in 0.00 ms.
Unloading 2251 Unused Serialized files (Serialized files now loaded: 0)
System memory in use before: 104.1 MB.
System memory in use after: 104.2 MB.

Unloading 13 unused Assets to reduce memory usage. Loaded Objects now: 2772.
Total: 4.564100 ms (FindLiveObjects: 0.836400 ms CreateObjectMapping: 0.169500 ms MarkObjects: 3.378600 ms  DeleteObjects: 0.177100 ms)

========================================================================
Received Prepare
Registering precompiled user dll's ...
Registered in 0.001849 seconds.
Begin MonoManager ReloadAssembly
Native extension for WindowsStandalone target not found
Native extension for WebGL target not found
Refreshing native plugins compatible for Editor in 0.81 ms, found 1 plugins.
Preloading 0 native plugins for Editor in 0.00 ms.
Invoked RoslynAnalysisRunner static constructor.
RoslynAnalysisRunner will not be running.
RoslynAnalysisRunner has terminated.
Mono: successfully reloaded assembly
- Completed reload, in  1.599 seconds
Platform modules already initialized, skipping
Refreshing native plugins compatible for Editor in 0.79 ms, found 1 plugins.
Preloading 0 native plugins for Editor in 0.00 ms.
Unloading 2251 Unused Serialized files (Serialized files now loaded: 0)
System memory in use before: 104.1 MB.
System memory in use after: 104.2 MB.

Unloading 13 unused Assets to reduce memory usage. Loaded Objects now: 2776.
Total: 5.357000 ms (FindLiveObjects: 0.468800 ms CreateObjectMapping: 0.157700 ms MarkObjects: 4.475000 ms  DeleteObjects: 0.252700 ms)

========================================================================
Received Prepare
Registering precompiled user dll's ...
Registered in 0.001673 seconds.
Begin MonoManager ReloadAssembly
Native extension for WindowsStandalone target not found
Native extension for WebGL target not found
Refreshing native plugins compatible for Editor in 1.16 ms, found 1 plugins.
Preloading 0 native plugins for Editor in 0.00 ms.
Invoked RoslynAnalysisRunner static constructor.
RoslynAnalysisRunner will not be running.
RoslynAnalysisRunner has terminated.
Mono: successfully reloaded assembly
- Completed reload, in  1.695 seconds
Platform modules already initialized, skipping
Refreshing native plugins compatible for Editor in 0.83 ms, found 1 plugins.
Preloading 0 native plugins for Editor in 0.00 ms.
Unloading 2251 Unused Serialized files (Serialized files now loaded: 0)
System memory in use before: 104.1 MB.
System memory in use after: 104.2 MB.

Unloading 13 unused Assets to reduce memory usage. Loaded Objects now: 2780.
Total: 6.319300 ms (FindLiveObjects: 0.836200 ms CreateObjectMapping: 0.183300 ms MarkObjects: 5.050200 ms  DeleteObjects: 0.247200 ms)

========================================================================
Received Prepare
Registering precompiled user dll's ...
Registered in 0.074732 seconds.
Begin MonoManager ReloadAssembly
Native extension for WindowsStandalone target not found
Native extension for WebGL target not found
Refreshing native plugins compatible for Editor in 0.65 ms, found 1 plugins.
Preloading 0 native plugins for Editor in 0.00 ms.
Invoked RoslynAnalysisRunner static constructor.
RoslynAnalysisRunner will not be running.
RoslynAnalysisRunner has terminated.
Mono: successfully reloaded assembly
- Completed reload, in  0.935 seconds
Platform modules already initialized, skipping
Refreshing native plugins compatible for Editor in 0.66 ms, found 1 plugins.
Preloading 0 native plugins for Editor in 0.00 ms.
Unloading 2251 Unused Serialized files (Serialized files now loaded: 0)
System memory in use before: 104.1 MB.
System memory in use after: 104.2 MB.

Unloading 13 unused Assets to reduce memory usage. Loaded Objects now: 2784.
Total: 4.009800 ms (FindLiveObjects: 0.574200 ms CreateObjectMapping: 0.153700 ms MarkObjects: 3.136200 ms  DeleteObjects: 0.143600 ms)

========================================================================
Received Prepare
Registering precompiled user dll's ...
Registered in 0.003129 seconds.
Begin MonoManager ReloadAssembly
Native extension for WindowsStandalone target not found
Native extension for WebGL target not found
Refreshing native plugins compatible for Editor in 0.89 ms, found 1 plugins.
Preloading 0 native plugins for Editor in 0.00 ms.
Invoked RoslynAnalysisRunner static constructor.
RoslynAnalysisRunner will not be running.
RoslynAnalysisRunner has terminated.
Mono: successfully reloaded assembly
- Completed reload, in  1.896 seconds
Platform modules already initialized, skipping
Refreshing native plugins compatible for Editor in 1.08 ms, found 1 plugins.
Preloading 0 native plugins for Editor in 0.00 ms.
Unloading 2251 Unused Serialized files (Serialized files now loaded: 0)
System memory in use before: 104.1 MB.
System memory in use after: 104.2 MB.

Unloading 13 unused Assets to reduce memory usage. Loaded Objects now: 2788.
Total: 4.660600 ms (FindLiveObjects: 0.358100 ms CreateObjectMapping: 0.092800 ms MarkObjects: 3.979300 ms  DeleteObjects: 0.228200 ms)

========================================================================
Received Prepare
Registering precompiled user dll's ...
Registered in 0.001746 seconds.
Begin MonoManager ReloadAssembly
Native extension for WindowsStandalone target not found
Native extension for WebGL target not found
Refreshing native plugins compatible for Editor in 0.81 ms, found 1 plugins.
Preloading 0 native plugins for Editor in 0.00 ms.
Invoked RoslynAnalysisRunner static constructor.
RoslynAnalysisRunner will not be running.
RoslynAnalysisRunner has terminated.
Mono: successfully reloaded assembly
- Completed reload, in  1.518 seconds
Platform modules already initialized, skipping
Refreshing native plugins compatible for Editor in 1.11 ms, found 1 plugins.
Preloading 0 native plugins for Editor in 0.00 ms.
Unloading 2251 Unused Serialized files (Serialized files now loaded: 0)
System memory in use before: 104.2 MB.
System memory in use after: 104.2 MB.

Unloading 13 unused Assets to reduce memory usage. Loaded Objects now: 2792.
Total: 5.602800 ms (FindLiveObjects: 0.538600 ms CreateObjectMapping: 0.184600 ms MarkObjects: 4.625000 ms  DeleteObjects: 0.251700 ms)

========================================================================
Received Import Request.
  Time since last request: 8980.783318 seconds.
  path: Assets/Audio
  artifactKey: Guid(8513f11480f05c24789b5dea676c4dd5) Importer(815301076,1909f56bfc062723c751e8b465ee728b)
Start importing Assets/Audio using Guid(8513f11480f05c24789b5dea676c4dd5) Importer(815301076,1909f56bfc062723c751e8b465ee728b)  -> (artifact id: 'c497de3d7d21de6389e933b6e6cdd909') in 0.029408 seconds
  Import took 0.041007 seconds .

========================================================================
Received Prepare
Registering precompiled user dll's ...
Registered in 0.002094 seconds.
Begin MonoManager ReloadAssembly
Native extension for WindowsStandalone target not found
Native extension for WebGL target not found
Refreshing native plugins compatible for Editor in 0.82 ms, found 1 plugins.
Preloading 0 native plugins for Editor in 0.00 ms.
Invoked RoslynAnalysisRunner static constructor.
RoslynAnalysisRunner will not be running.
RoslynAnalysisRunner has terminated.
Mono: successfully reloaded assembly
- Completed reload, in  1.505 seconds
Platform modules already initialized, skipping
Refreshing native plugins compatible for Editor in 0.78 ms, found 1 plugins.
Preloading 0 native plugins for Editor in 0.00 ms.
Unloading 2251 Unused Serialized files (Serialized files now loaded: 0)
System memory in use before: 104.2 MB.
System memory in use after: 104.3 MB.

Unloading 13 unused Assets to reduce memory usage. Loaded Objects now: 2796.
Total: 5.174500 ms (FindLiveObjects: 0.887000 ms CreateObjectMapping: 0.180500 ms MarkObjects: 3.928500 ms  DeleteObjects: 0.176200 ms)

========================================================================
Received Import Request.
  Time since last request: 621.290393 seconds.
  path: Assets/Audio/back_001.ogg
  artifactKey: Guid(fd4a389349f31064bb875a89d3bb6255) Importer(815301076,1909f56bfc062723c751e8b465ee728b)
Start importing Assets/Audio/back_001.ogg using Guid(fd4a389349f31064bb875a89d3bb6255) Importer(815301076,1909f56bfc062723c751e8b465ee728b)  -> (artifact id: 'ada527a09efb22839d6ef74e2df145c2') in 0.162154 seconds
  Import took 0.167703 seconds .

========================================================================
Received Import Request.
  Time since last request: 0.000596 seconds.
  path: Assets/Audio/back_004.ogg
  artifactKey: Guid(c83c0bc96b670bb47afdb9a7b9cac139) Importer(815301076,1909f56bfc062723c751e8b465ee728b)
Start importing Assets/Audio/back_004.ogg using Guid(c83c0bc96b670bb47afdb9a7b9cac139) Importer(815301076,1909f56bfc062723c751e8b465ee728b)  -> (artifact id: 'f0c74c0cfa482a6bc2c3d64b97716eca') in 0.026496 seconds
  Import took 0.032005 seconds .

========================================================================
Received Import Request.
  Time since last request: 0.000353 seconds.
  path: Assets/Audio/back_002.ogg
  artifactKey: Guid(c901d6e4ccbf83841bd3700c554fd83d) Importer(815301076,1909f56bfc062723c751e8b465ee728b)
Start importing Assets/Audio/back_002.ogg using Guid(c901d6e4ccbf83841bd3700c554fd83d) Importer(815301076,1909f56bfc062723c751e8b465ee728b)  -> (artifact id: '3328c565af7edb790af48d362cd1306e') in 0.022291 seconds
  Import took 0.029007 seconds .

========================================================================
Received Import Request.
  Time since last request: 0.000390 seconds.
  path: Assets/Audio/back_003.ogg
  artifactKey: Guid(f7dd0baf7a793a7409bee29f1c299237) Importer(815301076,1909f56bfc062723c751e8b465ee728b)
Start importing Assets/Audio/back_003.ogg using Guid(f7dd0baf7a793a7409bee29f1c299237) Importer(815301076,1909f56bfc062723c751e8b465ee728b)  -> (artifact id: '2f34caf744d2982e1e20e32241dab6a5') in 0.021162 seconds
  Import took 0.029024 seconds .

========================================================================
Received Import Request.
  Time since last request: 6.559336 seconds.
  path: Assets/Audio/close_001.ogg
  artifactKey: Guid(5a3c4d9afb381e748bdb6f7731fb3493) Importer(815301076,1909f56bfc062723c751e8b465ee728b)
Start importing Assets/Audio/close_001.ogg using Guid(5a3c4d9afb381e748bdb6f7731fb3493) Importer(815301076,1909f56bfc062723c751e8b465ee728b)  -> (artifact id: 'cbc8181998d376d4112d7742fd1ffbed') in 0.024513 seconds
  Import took 0.031553 seconds .

========================================================================
Received Import Request.
  Time since last request: 0.000425 seconds.
  path: Assets/Audio/close_002.ogg
  artifactKey: Guid(926aff8e6adb9ee468c1ba81bf3d0ad2) Importer(815301076,1909f56bfc062723c751e8b465ee728b)
Start importing Assets/Audio/close_002.ogg using Guid(926aff8e6adb9ee468c1ba81bf3d0ad2) Importer(815301076,1909f56bfc062723c751e8b465ee728b)  -> (artifact id: '73134e26ea7aa16314327f99f495a999') in 0.024406 seconds
  Import took 0.032865 seconds .

========================================================================
Received Import Request.
  Time since last request: 0.000374 seconds.
  path: Assets/Audio/close_004.ogg
  artifactKey: Guid(97c0ed2e9c709ad4e82a5b4c4b8cff86) Importer(815301076,1909f56bfc062723c751e8b465ee728b)
Start importing Assets/Audio/close_004.ogg using Guid(97c0ed2e9c709ad4e82a5b4c4b8cff86) Importer(815301076,1909f56bfc062723c751e8b465ee728b)  -> (artifact id: '31be452d821f5349a0d23f318117b3fe') in 0.025449 seconds
  Import took 0.032231 seconds .

========================================================================
Received Import Request.
  Time since last request: 0.000409 seconds.
  path: Assets/Audio/close_003.ogg
  artifactKey: Guid(99a1d488f443889409efa9bb35e5dfe9) Importer(815301076,1909f56bfc062723c751e8b465ee728b)
Start importing Assets/Audio/close_003.ogg using Guid(99a1d488f443889409efa9bb35e5dfe9) Importer(815301076,1909f56bfc062723c751e8b465ee728b)  -> (artifact id: 'a90cb38d7da51f836ec6c7d5bed709cd') in 0.024545 seconds
  Import took 0.034643 seconds .

========================================================================
Received Import Request.
  Time since last request: 222.828534 seconds.
  path: Assets/Audio/confirmation_001.ogg
  artifactKey: Guid(b0d2d038ac74e314eb95a8f60e506537) Importer(815301076,1909f56bfc062723c751e8b465ee728b)
Start importing Assets/Audio/confirmation_001.ogg using Guid(b0d2d038ac74e314eb95a8f60e506537) Importer(815301076,1909f56bfc062723c751e8b465ee728b)  -> (artifact id: '1aa3548d388003d8ffe71d21248bd293') in 0.054888 seconds
  Import took 0.066853 seconds .

========================================================================
Received Import Request.
  Time since last request: 0.000529 seconds.
  path: Assets/Audio/confirmation_004.ogg
  artifactKey: Guid(ffd43a6dcea701b48a6e15d7880b4ece) Importer(815301076,1909f56bfc062723c751e8b465ee728b)
Start importing Assets/Audio/confirmation_004.ogg using Guid(ffd43a6dcea701b48a6e15d7880b4ece) Importer(815301076,1909f56bfc062723c751e8b465ee728b)  -> (artifact id: '4f83454feb577b8cf0279934a178b594') in 0.038713 seconds
  Import took 0.048407 seconds .

========================================================================
Received Import Request.
  Time since last request: 0.000362 seconds.
  path: Assets/Audio/confirmation_003.ogg
  artifactKey: Guid(e438867f65d80ec4580db92fdc6b4671) Importer(815301076,1909f56bfc062723c751e8b465ee728b)
Start importing Assets/Audio/confirmation_003.ogg using Guid(e438867f65d80ec4580db92fdc6b4671) Importer(815301076,1909f56bfc062723c751e8b465ee728b)  -> (artifact id: 'c85b32169f8996d1a3657ed61c610f29') in 0.037685 seconds
  Import took 0.048660 seconds .

========================================================================
Received Import Request.
  Time since last request: 0.000648 seconds.
  path: Assets/Audio/confirmation_002.ogg
  artifactKey: Guid(9df33ae534ebf2840be8ad477f106bac) Importer(815301076,1909f56bfc062723c751e8b465ee728b)
Start importing Assets/Audio/confirmation_002.ogg using Guid(9df33ae534ebf2840be8ad477f106bac) Importer(815301076,1909f56bfc062723c751e8b465ee728b)  -> (artifact id: 'ebc1ed9fb7ac8be407afc372e1fc7b69') in 0.031307 seconds
  Import took 0.040377 seconds .

========================================================================
Received Import Request.
  Time since last request: 0.000526 seconds.
  path: Assets/Audio/confirmation_001.ogg
  artifactKey: Guid(b0d2d038ac74e314eb95a8f60e506537) Importer(815301076,1909f56bfc062723c751e8b465ee728b)
Start importing Assets/Audio/confirmation_001.ogg using Guid(b0d2d038ac74e314eb95a8f60e506537) Importer(815301076,1909f56bfc062723c751e8b465ee728b)  -> (artifact id: '1aa3548d388003d8ffe71d21248bd293') in 0.030477 seconds
  Import took 0.041116 seconds .

========================================================================
Received Prepare
Registering precompiled user dll's ...
Registered in 0.002920 seconds.
Begin MonoManager ReloadAssembly
Native extension for WindowsStandalone target not found
Native extension for WebGL target not found
Refreshing native plugins compatible for Editor in 0.97 ms, found 1 plugins.
Preloading 0 native plugins for Editor in 0.00 ms.
Invoked RoslynAnalysisRunner static constructor.
RoslynAnalysisRunner will not be running.
RoslynAnalysisRunner has terminated.
Mono: successfully reloaded assembly
- Completed reload, in  1.657 seconds
Platform modules already initialized, skipping
Refreshing native plugins compatible for Editor in 1.21 ms, found 1 plugins.
Preloading 0 native plugins for Editor in 0.00 ms.
Unloading 2251 Unused Serialized files (Serialized files now loaded: 0)
System memory in use before: 104.3 MB.
System memory in use after: 104.4 MB.

Unloading 13 unused Assets to reduce memory usage. Loaded Objects now: 2803.
Total: 5.318700 ms (FindLiveObjects: 0.887900 ms CreateObjectMapping: 0.170100 ms MarkObjects: 4.030100 ms  DeleteObjects: 0.227500 ms)

========================================================================
Received Prepare
Registering precompiled user dll's ...
Registered in 0.001666 seconds.
Begin MonoManager ReloadAssembly
Native extension for WindowsStandalone target not found
Native extension for WebGL target not found
Refreshing native plugins compatible for Editor in 0.84 ms, found 1 plugins.
Preloading 0 native plugins for Editor in 0.00 ms.
Invoked RoslynAnalysisRunner static constructor.
RoslynAnalysisRunner will not be running.
RoslynAnalysisRunner has terminated.
Mono: successfully reloaded assembly
- Completed reload, in  1.532 seconds
Platform modules already initialized, skipping
Refreshing native plugins compatible for Editor in 0.89 ms, found 1 plugins.
Preloading 0 native plugins for Editor in 0.00 ms.
Unloading 2251 Unused Serialized files (Serialized files now loaded: 0)
System memory in use before: 104.3 MB.
System memory in use after: 104.4 MB.

Unloading 13 unused Assets to reduce memory usage. Loaded Objects now: 2807.
Total: 4.470800 ms (FindLiveObjects: 0.657300 ms CreateObjectMapping: 0.256600 ms MarkObjects: 3.370800 ms  DeleteObjects: 0.184100 ms)

========================================================================
Received Prepare
Registering precompiled user dll's ...
Registered in 0.003963 seconds.
Begin MonoManager ReloadAssembly
Native extension for WindowsStandalone target not found
Native extension for WebGL target not found
Refreshing native plugins compatible for Editor in 0.79 ms, found 1 plugins.
Preloading 0 native plugins for Editor in 0.00 ms.
Invoked RoslynAnalysisRunner static constructor.
RoslynAnalysisRunner will not be running.
RoslynAnalysisRunner has terminated.
Mono: successfully reloaded assembly
- Completed reload, in  1.603 seconds
Platform modules already initialized, skipping
Refreshing native plugins compatible for Editor in 0.81 ms, found 1 plugins.
Preloading 0 native plugins for Editor in 0.00 ms.
Unloading 2251 Unused Serialized files (Serialized files now loaded: 0)
System memory in use before: 104.4 MB.
System memory in use after: 104.5 MB.

Unloading 13 unused Assets to reduce memory usage. Loaded Objects now: 2811.
Total: 4.424000 ms (FindLiveObjects: 0.737300 ms CreateObjectMapping: 0.252500 ms MarkObjects: 3.256600 ms  DeleteObjects: 0.175500 ms)

========================================================================
Received Prepare
Registering precompiled user dll's ...
Registered in 0.001675 seconds.
Begin MonoManager ReloadAssembly
Native extension for WindowsStandalone target not found
Native extension for WebGL target not found
Refreshing native plugins compatible for Editor in 0.89 ms, found 1 plugins.
Preloading 0 native plugins for Editor in 0.00 ms.
Invoked RoslynAnalysisRunner static constructor.
RoslynAnalysisRunner will not be running.
RoslynAnalysisRunner has terminated.
Mono: successfully reloaded assembly
- Completed reload, in  1.441 seconds
Platform modules already initialized, skipping
Refreshing native plugins compatible for Editor in 1.08 ms, found 1 plugins.
Preloading 0 native plugins for Editor in 0.00 ms.
Unloading 2251 Unused Serialized files (Serialized files now loaded: 0)
System memory in use before: 104.4 MB.
System memory in use after: 104.5 MB.

Unloading 13 unused Assets to reduce memory usage. Loaded Objects now: 2815.
Total: 4.487800 ms (FindLiveObjects: 0.543400 ms CreateObjectMapping: 0.194300 ms MarkObjects: 3.569000 ms  DeleteObjects: 0.179100 ms)

========================================================================
Received Import Request.
  Time since last request: 1105.265102 seconds.
  path: Assets/Audio/7 Battle - Swords Drawn.wav
  artifactKey: Guid(a5980d55e1f2bce418fa8131e9eb53e9) Importer(815301076,1909f56bfc062723c751e8b465ee728b)
Start importing Assets/Audio/7 Battle - Swords Drawn.wav using Guid(a5980d55e1f2bce418fa8131e9eb53e9) Importer(815301076,1909f56bfc062723c751e8b465ee728b)  -> (artifact id: '7afc42371d8ac25ef091ebb5ea3ace10') in 0.183610 seconds
  Import took 0.193229 seconds .

========================================================================
Received Import Request.
  Time since last request: 0.000617 seconds.
  path: Assets/Audio/8 Battle - Against All Odds.wav
  artifactKey: Guid(10128eec7b901e24ead4bc8eeb7bba18) Importer(815301076,1909f56bfc062723c751e8b465ee728b)
Start importing Assets/Audio/8 Battle - Against All Odds.wav using Guid(10128eec7b901e24ead4bc8eeb7bba18) Importer(815301076,1909f56bfc062723c751e8b465ee728b)  -> (artifact id: '42e84e7c46bc655258d94523028b21b1') in 0.036510 seconds
  Import took 0.045374 seconds .

========================================================================
Received Import Request.
  Time since last request: 0.000731 seconds.
  path: Assets/Audio/11 Dungeon - Crypt.wav
  artifactKey: Guid(b3fa7db384520fa42b4d5252b5a34100) Importer(815301076,1909f56bfc062723c751e8b465ee728b)
Start importing Assets/Audio/11 Dungeon - Crypt.wav using Guid(b3fa7db384520fa42b4d5252b5a34100) Importer(815301076,1909f56bfc062723c751e8b465ee728b)  -> (artifact id: 'baf4fd57fabc27356d8bdcf535bf8360') in 0.043322 seconds
  Import took 0.052986 seconds .

========================================================================
Received Import Request.
  Time since last request: 0.000593 seconds.
  path: Assets/Audio/10 Dungeon - The Cover of Darkness.wav
  artifactKey: Guid(8247128653047784baadc247efb69c3b) Importer(815301076,1909f56bfc062723c751e8b465ee728b)
Start importing Assets/Audio/10 Dungeon - The Cover of Darkness.wav using Guid(8247128653047784baadc247efb69c3b) Importer(815301076,1909f56bfc062723c751e8b465ee728b)  -> (artifact id: '509257d8db0fe0e697efe18a3b824b56') in 0.034689 seconds
  Import took 0.044291 seconds .

========================================================================
Received Import Request.
  Time since last request: 185.637839 seconds.
  path: Assets/Audio/5 Town - Village Green.wav
  artifactKey: Guid(d78f4ba1c202db84e8284e7d2b2090aa) Importer(815301076,1909f56bfc062723c751e8b465ee728b)
Start importing Assets/Audio/5 Town - Village Green.wav using Guid(d78f4ba1c202db84e8284e7d2b2090aa) Importer(815301076,1909f56bfc062723c751e8b465ee728b)  -> (artifact id: 'd959485a75e11e8609090b813bc0b9bb') in 0.027687 seconds
  Import took 0.035466 seconds .

AssetImportWorkerClient::OnTransportError - code=2 error=End of file
